<?xml version="1.0" encoding="UTF-8"?>
<testsuite xmlns:xsi="http://www.w3.org/2001/XMLSchema-instance" xsi:schemaLocation="https://maven.apache.org/surefire/maven-surefire-plugin/xsd/surefire-test-report.xsd" name="test.java.edu.uw.ajs.TestSuite" time="0.694" tests="18" errors="0" skipped="0" failures="3">
  <properties>
[...]
</properties>
  <testcase name="testBadNameAccountCreation" classname="test.AccountTest" time="0.249"/>
  <testcase name="testBadBalanceAccountCreation" classname="test.AccountTest" time="0.031"/>
  <testcase name="testGoodAccountCreation" classname="test.AccountTest" time="0.016"/>
  <testcase name="testSetAccountName" classname="test.AccountTest" time="0.017"/>
  <testcase name="testReloadFile" classname="test.AccountManagerTest" time="0.047"/>
  <testcase name="testCreateDuplicateUsername" classname="test.AccountManagerTest" time="0.008">
    <failure message="Should have thrown AccountException" type="java.lang.AssertionError">java.lang.AssertionError: Should have thrown AccountException
	at test.AccountManagerTest.testCreateDuplicateUsername(AccountManagerTest.java:223)
</failure>
    <system-out><![CDATA[100000
500000
100000
]]></system-out>
  </testcase>
  <testcase name="testClose" classname="test.AccountManagerTest" time="0.014"/>
  <testcase name="testPersist" classname="test.AccountManagerTest" time="0.023"/>
  <testcase name="testGetAccount" classname="test.AccountManagerTest" time="0.016"/>
  <testcase name="testValidate" classname="test.AccountManagerTest" time="0.014"/>
  <testcase name="testRegistration" classname="test.AccountManagerTest" time="0.016">
    <failure message="expected:&lt;110000&gt; but was:&lt;10000&gt;" type="java.lang.AssertionError"><![CDATA[java.lang.AssertionError: expected:<110000> but was:<10000>
	at test.AccountManagerTest.testRegistration(AccountManagerTest.java:252)
]]></failure>
    <system-out><![CDATA[100000
500000
100000
]]></system-out>
  </testcase>
  <testcase name="testDeleteAccount" classname="test.AccountManagerTest" time="0.017"/>
  <testcase name="testMultipleGetAccount" classname="test.AccountManagerTest" time="0.018"/>
  <testcase name="testClose" classname="test.DaoTest" time="0.038"/>
  <testcase name="testReset" classname="test.DaoTest" time="0.037"/>
  <testcase name="testDelete" classname="test.DaoTest" time="0.024"/>
  <testcase name="testReload" classname="test.DaoTest" time="0.023"/>
  <testcase name="testSetGet" classname="test.DaoTest" time="0.027">
    <failure message="expected null, but was:&lt;main.java.edu.uw.ajs.account.AddressImpl@5ef60048&gt;" type="java.lang.AssertionError"><![CDATA[java.lang.AssertionError: expected null, but was:<main.java.edu.uw.ajs.account.AddressImpl@5ef60048>
	at test.DaoTest.testSetGet(DaoTest.java:360)
]]></failure>
    <system-out><![CDATA[100000
500000
200000
500000
100000
500000
200000
500000
100000
]]></system-out>
  </testcase>
</testsuite>